<?xml version="1.0" encoding="UTF-8"?>
<!-- Generated by org.testng.reporters.JUnitXMLReporter -->
<testsuite ignored="0" hostname="RagavSindhu" failures="0" tests="3" name="Login Page Test" time="36.716" errors="0" timestamp="2026-02-10T11:36:43 IST">
  <testcase classname="com.qa.selenium.test.LoginPageTest" name="loginTitle" time="0.013"/>
  <testcase classname="com.qa.selenium.test.LoginPageTest" name="loginUrl" time="0.013"/>
  <testcase classname="com.qa.selenium.test.LoginPageTest" name="performLogin" time="10.462"/>
</testsuite> <!-- Login Page Test -->
