<?xml version="1.0" encoding="UTF-8"?>
<!-- Generated by org.testng.reporters.JUnitXMLReporter -->
<testsuite ignored="0" hostname="RagavSindhu" failures="0" tests="3" name="Login Page Test" time="16.324" errors="0" timestamp="2026-02-04T12:27:00 IST">
  <testcase classname="com.qa.selenium.test.LoginPageTest" name="loginTitle" time="0.067"/>
  <testcase classname="com.qa.selenium.test.LoginPageTest" name="loginUrl" time="0.013"/>
  <testcase classname="com.qa.selenium.test.LoginPageTest" name="performSignin" time="3.667"/>
</testsuite> <!-- Login Page Test -->
