<?xml version="1.0" encoding="UTF-8"?>
<!-- Generated by org.testng.reporters.JUnitXMLReporter -->
<testsuite ignored="0" hostname="RagavSindhu" failures="0" tests="3" name="Search Page Test" time="8.265" errors="0" timestamp="2026-02-10T12:33:42 IST">
  <testcase classname="com.qa.selenium.test.SearchPageTest" name="searchPageUrl" time="0.043"/>
  <testcase classname="com.qa.selenium.test.SearchPageTest" name="searchPageTitle" time="0.013"/>
  <testcase classname="com.qa.selenium.test.SearchPageTest" name="performSearch" time="0.656"/>
</testsuite> <!-- Search Page Test -->
