<?xml version="1.0" encoding="UTF-8"?>
<testng-results ignored="0" total="6" passed="6" failed="0" skipped="0">
  <reporter-output>
  </reporter-output>
  <suite started-at="2026-02-10T12:33:34 IST" name="Regression SeleniumPOM suite" finished-at="2026-02-10T12:34:09 IST" duration-ms="34784">
    <groups>
    </groups>
    <test started-at="2026-02-10T12:33:34 IST" name="Search Page Test" finished-at="2026-02-10T12:33:42 IST" duration-ms="8265">
      <class name="com.qa.selenium.test.SearchPageTest">
        <test-method is-config="true" signature="setup(java.lang.String)[pri:0, instance:com.qa.selenium.test.SearchPageTest@7c098bb3]" started-at="2026-02-10T12:33:34 IST" name="setup" finished-at="2026-02-10T12:33:41 IST" duration-ms="7234" status="PASS">
          <params>
            <param index="0">
              <value>
                <![CDATA[url-SearchPage]]>
              </value>
            </param>
          </params>
          <reporter-output>
          </reporter-output>
        </test-method> <!-- setup -->
        <test-method signature="searchPageUrl()[pri:1, instance:com.qa.selenium.test.SearchPageTest@7c098bb3]" started-at="2026-02-10T12:33:41 IST" name="searchPageUrl" finished-at="2026-02-10T12:33:41 IST" duration-ms="43" status="PASS">
          <reporter-output>
          </reporter-output>
        </test-method> <!-- searchPageUrl -->
        <test-method signature="searchPageTitle()[pri:2, instance:com.qa.selenium.test.SearchPageTest@7c098bb3]" started-at="2026-02-10T12:33:41 IST" name="searchPageTitle" finished-at="2026-02-10T12:33:41 IST" duration-ms="13" status="PASS">
          <reporter-output>
          </reporter-output>
        </test-method> <!-- searchPageTitle -->
        <test-method signature="performSearch()[pri:3, instance:com.qa.selenium.test.SearchPageTest@7c098bb3]" started-at="2026-02-10T12:33:41 IST" name="performSearch" finished-at="2026-02-10T12:33:42 IST" duration-ms="656" status="PASS">
          <reporter-output>
          </reporter-output>
        </test-method> <!-- performSearch -->
        <test-method is-config="true" signature="TearDown()[pri:0, instance:com.qa.selenium.test.SearchPageTest@7c098bb3]" started-at="2026-02-10T12:33:42 IST" name="TearDown" finished-at="2026-02-10T12:33:42 IST" duration-ms="251" status="PASS">
          <reporter-output>
          </reporter-output>
        </test-method> <!-- TearDown -->
      </class> <!-- com.qa.selenium.test.SearchPageTest -->
    </test> <!-- Search Page Test -->
    <test started-at="2026-02-10T12:33:34 IST" name="Login Page Test" finished-at="2026-02-10T12:34:09 IST" duration-ms="34784">
      <class name="com.qa.selenium.test.LoginPageTest">
        <test-method is-config="true" signature="setup(java.lang.String)[pri:0, instance:com.qa.selenium.test.LoginPageTest@68fa0ba8]" started-at="2026-02-10T12:33:34 IST" name="setup" finished-at="2026-02-10T12:34:03 IST" duration-ms="29069" status="PASS">
          <params>
            <param index="0">
              <value>
                <![CDATA[url-LoginPage]]>
              </value>
            </param>
          </params>
          <reporter-output>
          </reporter-output>
        </test-method> <!-- setup -->
        <test-method signature="loginTitle()[pri:0, instance:com.qa.selenium.test.LoginPageTest@68fa0ba8]" started-at="2026-02-10T12:34:03 IST" name="loginTitle" finished-at="2026-02-10T12:34:03 IST" duration-ms="13" status="PASS">
          <reporter-output>
          </reporter-output>
        </test-method> <!-- loginTitle -->
        <test-method signature="loginUrl()[pri:0, instance:com.qa.selenium.test.LoginPageTest@68fa0ba8]" started-at="2026-02-10T12:34:03 IST" name="loginUrl" finished-at="2026-02-10T12:34:03 IST" duration-ms="13" status="PASS">
          <reporter-output>
          </reporter-output>
        </test-method> <!-- loginUrl -->
        <test-method signature="performLogin()[pri:0, instance:com.qa.selenium.test.LoginPageTest@68fa0ba8]" started-at="2026-02-10T12:34:03 IST" name="performLogin" finished-at="2026-02-10T12:34:08 IST" duration-ms="5406" status="PASS">
          <reporter-output>
          </reporter-output>
        </test-method> <!-- performLogin -->
        <test-method is-config="true" signature="TearDown()[pri:0, instance:com.qa.selenium.test.LoginPageTest@68fa0ba8]" started-at="2026-02-10T12:34:08 IST" name="TearDown" finished-at="2026-02-10T12:34:09 IST" duration-ms="237" status="PASS">
          <reporter-output>
          </reporter-output>
        </test-method> <!-- TearDown -->
      </class> <!-- com.qa.selenium.test.LoginPageTest -->
    </test> <!-- Login Page Test -->
  </suite> <!-- Regression SeleniumPOM suite -->
</testng-results>
