<?xml version="1.0" encoding="UTF-8"?>
<!-- Generated by org.testng.reporters.JUnitReportReporter -->
<testsuite hostname="RagavSindhu" failures="0" tests="3" name="com.qa.selenium.test.SearchPageTest" time="3.442" errors="0" timestamp="2026-02-04T12:27:01 IST" skipped="0">
  <testcase classname="com.qa.selenium.test.SearchPageTest" name="searchPageUrl" time="2.748"/>
  <testcase classname="com.qa.selenium.test.SearchPageTest" name="searchPageTitle" time="0.027"/>
  <testcase classname="com.qa.selenium.test.SearchPageTest" name="performSearch" time="0.667"/>
</testsuite> <!-- com.qa.selenium.test.SearchPageTest -->
