<?xml version="1.0" encoding="UTF-8"?>
<!-- Generated by org.testng.reporters.JUnitReportReporter -->
<testsuite hostname="RagavSindhu" failures="0" tests="3" name="com.qa.selenium.test.SearchPageTest" time="0.712" errors="0" timestamp="2026-02-10T12:34:09 IST" skipped="0">
  <testcase classname="com.qa.selenium.test.SearchPageTest" name="searchPageUrl" time="0.043"/>
  <testcase classname="com.qa.selenium.test.SearchPageTest" name="searchPageTitle" time="0.013"/>
  <testcase classname="com.qa.selenium.test.SearchPageTest" name="performSearch" time="0.656"/>
</testsuite> <!-- com.qa.selenium.test.SearchPageTest -->
